<?xml version="1.0" encoding="UTF-8"?>
<testng-results ignored="0" total="1" passed="1" failed="0" skipped="0">
  <reporter-output>
  </reporter-output>
  <suite started-at="2024-03-07T23:42:58 IST" name="Suite" finished-at="2024-03-07T23:43:08 IST" duration-ms="10471">
    <groups>
    </groups>
    <test started-at="2024-03-07T23:42:58 IST" name="Test" finished-at="2024-03-07T23:43:08 IST" duration-ms="10471">
      <class name="com.cs.Practicetests.SauceDemoTest">
        <test-method is-config="true" signature="tearUp()[pri:0, instance:com.cs.Practicetests.SauceDemoTest@1817d444]" started-at="2024-03-07T23:42:58 IST" name="tearUp" finished-at="2024-03-07T23:43:04 IST" duration-ms="6105" status="PASS">
          <reporter-output>
          </reporter-output>
        </test-method> <!-- tearUp -->
        <test-method signature="productBuyTest()[pri:0, instance:com.cs.Practicetests.SauceDemoTest@1817d444]" started-at="2024-03-07T23:43:04 IST" name="productBuyTest" finished-at="2024-03-07T23:43:08 IST" duration-ms="4048" status="PASS">
          <reporter-output>
          </reporter-output>
        </test-method> <!-- productBuyTest -->
        <test-method is-config="true" signature="tearDown()[pri:0, instance:com.cs.Practicetests.SauceDemoTest@1817d444]" started-at="2024-03-07T23:43:08 IST" name="tearDown" finished-at="2024-03-07T23:43:08 IST" duration-ms="235" status="PASS">
          <reporter-output>
          </reporter-output>
        </test-method> <!-- tearDown -->
      </class> <!-- com.cs.Practicetests.SauceDemoTest -->
    </test> <!-- Test -->
  </suite> <!-- Suite -->
</testng-results>
