<?xml version="1.0" encoding="UTF-8"?>
<testng-results ignored="0" total="1" passed="1" failed="0" skipped="0">
  <reporter-output>
  </reporter-output>
  <suite started-at="2024-03-07T23:24:34 IST" name="Suite" finished-at="2024-03-07T23:24:46 IST" duration-ms="12337">
    <groups>
    </groups>
    <test started-at="2024-03-07T23:24:34 IST" name="Test" finished-at="2024-03-07T23:24:46 IST" duration-ms="12337">
      <class name="com.cs.Practicetests.SauceDemoTest">
        <test-method is-config="true" signature="tearUp()[pri:0, instance:com.cs.Practicetests.SauceDemoTest@77fbd92c]" started-at="2024-03-07T23:24:34 IST" name="tearUp" finished-at="2024-03-07T23:24:41 IST" duration-ms="7721" status="PASS">
          <reporter-output>
          </reporter-output>
        </test-method> <!-- tearUp -->
        <test-method signature="productBuyTest()[pri:0, instance:com.cs.Practicetests.SauceDemoTest@77fbd92c]" started-at="2024-03-07T23:24:41 IST" name="productBuyTest" finished-at="2024-03-07T23:24:46 IST" duration-ms="4314" status="PASS">
          <reporter-output>
          </reporter-output>
        </test-method> <!-- productBuyTest -->
        <test-method is-config="true" signature="tearDown()[pri:0, instance:com.cs.Practicetests.SauceDemoTest@77fbd92c]" started-at="2024-03-07T23:24:46 IST" name="tearDown" finished-at="2024-03-07T23:24:46 IST" duration-ms="240" status="PASS">
          <reporter-output>
          </reporter-output>
        </test-method> <!-- tearDown -->
      </class> <!-- com.cs.Practicetests.SauceDemoTest -->
    </test> <!-- Test -->
  </suite> <!-- Suite -->
</testng-results>
